<?xml version="1.0" encoding="UTF-8"?>
<!-- Generated by org.testng.reporters.JUnitReportReporter -->
<testsuite hostname="DESKTOP-S0FQB8C" failures="0" tests="1" name="runners.TestRunner" time="10.529" errors="0" timestamp="2025-08-12T10:38:45 ICT" skipped="0">
  <testcase classname="runners.TestRunner" name="runScenario" time="10.529"/>
</testsuite> <!-- runners.TestRunner -->
